Copyright 1986-2018 Xilinx, Inc. All Rights Reserved.
------------------------------------------------------------------------------------------------------------------------
| Tool Version : Vivado v.2018.3 (win64) Build 2405991 Thu Dec  6 23:38:27 MST 2018
| Date         : Tue Apr 30 13:15:36 2019
| Host         : DESKTOP-IB5R7ER running 64-bit major release  (build 9200)
| Command      : report_drc -file CPU_wrapper_drc_opted.rpt -pb CPU_wrapper_drc_opted.pb -rpx CPU_wrapper_drc_opted.rpx
| Design       : CPU_wrapper
| Device       : xc7z020clg400-1
| Speed File   : -1
| Design State : Synthesized
------------------------------------------------------------------------------------------------------------------------

Report DRC

Table of Contents
-----------------
1. REPORT SUMMARY
2. REPORT DETAILS

1. REPORT SUMMARY
-----------------
            Netlist: netlist
          Floorplan: design_1
      Design limits: <entire design considered>
           Ruledeck: default
             Max violations: <unlimited>
             Violations found: 0
+------+----------+-------------+------------+
| Rule | Severity | Description | Violations |
+------+----------+-------------+------------+
+------+----------+-------------+------------+

2. REPORT DETAILS
-----------------

